  [4;36;1mSQL (141.0ms)[0m   [0;1mSET NAMES 'utf8'[0m
  [4;35;1mSQL (31.0ms)[0m   [0mSET SQL_AUTO_IS_NULL=0[0m


Processing Rails::InfoController#properties (for 127.0.0.1 at 2009-03-24 23:38:34) [GET]
  [4;36;1mSQL (47.0ms)[0m   [0;1mSHOW TABLES[0m
  [4;35;1mSQL (218.0ms)[0m   [0mSELECT version FROM schema_migrations[0m
Completed in 2125ms (View: 172, DB: 437) | 200 OK [http://localhost/rails/info/properties]
  [4;36;1mSQL (0.0ms)[0m   [0;1mSET NAMES 'utf8'[0m
  [4;35;1mSQL (0.0ms)[0m   [0mSET SQL_AUTO_IS_NULL=0[0m


Processing Rails::InfoController#properties (for 127.0.0.1 at 2009-03-24 23:38:37) [GET]
  [4;36;1mSQL (0.0ms)[0m   [0;1mSHOW TABLES[0m
  [4;35;1mSQL (0.0ms)[0m   [0mSELECT version FROM schema_migrations[0m
Completed in 1422ms (View: 31, DB: 0) | 200 OK [http://localhost/rails/info/properties]
  [4;36;1mSQL (0.0ms)[0m   [0;1mSET NAMES 'utf8'[0m
  [4;35;1mSQL (0.0ms)[0m   [0mSET SQL_AUTO_IS_NULL=0[0m


Processing BoardController#index (for 127.0.0.1 at 2009-03-25 00:28:11) [GET]

ActionController::UnknownAction (No action responded to index. Actions: admin, search, and show):
  -e:1:in `load'
  -e:1

Rendering rescues/layout (not_found)
  [4;36;1mSQL (0.0ms)[0m   [0;1mSET NAMES 'utf8'[0m
  [4;35;1mSQL (0.0ms)[0m   [0mSET SQL_AUTO_IS_NULL=0[0m


Processing ApplicationController#index (for 127.0.0.1 at 2009-03-25 00:28:16) [GET]

ActionController::RoutingError (No route matches "/boardadmin" with {:method=>:get}):
  -e:1:in `load'
  -e:1

Rendering rescues/layout (not_found)
  [4;36;1mSQL (0.0ms)[0m   [0;1mSET NAMES 'utf8'[0m
  [4;35;1mSQL (0.0ms)[0m   [0mSET SQL_AUTO_IS_NULL=0[0m


Processing BoardController#admin (for 127.0.0.1 at 2009-03-25 00:28:19) [GET]

ActionView::MissingTemplate (Missing template board/admin.erb in view path app/views):
  -e:1:in `load'
  -e:1

Rendering rescues/layout (internal_server_error)
  [4;36;1mSQL (0.0ms)[0m   [0;1mSET NAMES 'utf8'[0m
  [4;35;1mSQL (0.0ms)[0m   [0mSET SQL_AUTO_IS_NULL=0[0m


Processing BoardController#admin (for 127.0.0.1 at 2009-03-25 00:29:49) [GET]

ActionView::MissingTemplate (Missing template board/admin.erb in view path app/views):
  -e:1:in `load'
  -e:1

Rendering rescues/layout (internal_server_error)
  [4;36;1mSQL (0.0ms)[0m   [0;1mSET NAMES 'utf8'[0m
  [4;35;1mSQL (0.0ms)[0m   [0mSET SQL_AUTO_IS_NULL=0[0m


Processing ApplicationController#index (for 127.0.0.1 at 2009-03-25 00:31:27) [GET]

ActionController::RoutingError (No route matches "/board/admin.html" with {:method=>:get}):
  -e:1:in `load'
  -e:1

Rendering rescues/layout (not_found)
  [4;36;1mSQL (0.0ms)[0m   [0;1mSET NAMES 'utf8'[0m
  [4;35;1mSQL (0.0ms)[0m   [0mSET SQL_AUTO_IS_NULL=0[0m


Processing BoardController#admin (for 127.0.0.1 at 2009-03-25 00:35:27) [GET]

ActionView::MissingTemplate (Missing template board/admin.erb in view path app/views):
  -e:1:in `load'
  -e:1

Rendering rescues/layout (internal_server_error)
  [4;36;1mSQL (0.0ms)[0m   [0;1mSET NAMES 'utf8'[0m
  [4;35;1mSQL (0.0ms)[0m   [0mSET SQL_AUTO_IS_NULL=0[0m


Processing BoardController#search (for 127.0.0.1 at 2009-03-25 00:35:31) [GET]
Rendering board/search
Completed in 0ms (View: 0, DB: 0) | 200 OK [http://localhost/board/search]
  [4;36;1mSQL (0.0ms)[0m   [0;1mSET NAMES 'utf8'[0m
  [4;35;1mSQL (0.0ms)[0m   [0mSET SQL_AUTO_IS_NULL=0[0m


Processing ApplicationController#index (for 127.0.0.1 at 2009-03-25 00:35:34) [GET]

ActionController::RoutingError (No route matches "/board/admin.html" with {:method=>:get}):
  -e:1:in `load'
  -e:1

Rendering rescues/layout (not_found)
  [4;36;1mSQL (0.0ms)[0m   [0;1mSET NAMES 'utf8'[0m
  [4;35;1mSQL (0.0ms)[0m   [0mSET SQL_AUTO_IS_NULL=0[0m


Processing ApplicationController#index (for 127.0.0.1 at 2009-03-25 00:35:55) [GET]

ActionController::RoutingError (No route matches "/board/admin.html" with {:method=>:get}):
  -e:1:in `load'
  -e:1

Rendering rescues/layout (not_found)
  [4;36;1mSQL (0.0ms)[0m   [0;1mSET NAMES 'utf8'[0m
  [4;35;1mSQL (0.0ms)[0m   [0mSET SQL_AUTO_IS_NULL=0[0m


Processing ApplicationController#index (for 127.0.0.1 at 2009-03-25 00:35:57) [GET]

ActionController::RoutingError (No route matches "/board/admin.html" with {:method=>:get}):
  -e:1:in `load'
  -e:1

Rendering rescues/layout (not_found)
  [4;36;1mSQL (0.0ms)[0m   [0;1mSET NAMES 'utf8'[0m
  [4;35;1mSQL (0.0ms)[0m   [0mSET SQL_AUTO_IS_NULL=0[0m


Processing BoardController#admin (for 127.0.0.1 at 2009-03-25 00:36:07) [GET]
Rendering board/admin
Completed in 16ms (View: 16, DB: 0) | 200 OK [http://localhost/board/admin]
  [4;36;1mSQL (0.0ms)[0m   [0;1mSET NAMES 'utf8'[0m
  [4;35;1mSQL (0.0ms)[0m   [0mSET SQL_AUTO_IS_NULL=0[0m


Processing BoardController#admin (for 127.0.0.1 at 2009-03-25 00:36:08) [GET]
Rendering board/admin
Completed in 0ms (View: 0, DB: 0) | 200 OK [http://localhost/board/admin]
  [4;36;1mSQL (0.0ms)[0m   [0;1mSET NAMES 'utf8'[0m
  [4;35;1mSQL (0.0ms)[0m   [0mSET SQL_AUTO_IS_NULL=0[0m


Processing ApplicationController#index (for 127.0.0.1 at 2009-03-25 00:36:15) [GET]

ActionController::RoutingError (No route matches "/board/admin.html" with {:method=>:get}):
  -e:1:in `load'
  -e:1

Rendering rescues/layout (not_found)
  [4;36;1mSQL (0.0ms)[0m   [0;1mSET NAMES 'utf8'[0m
  [4;35;1mSQL (0.0ms)[0m   [0mSET SQL_AUTO_IS_NULL=0[0m


Processing ApplicationController#index (for 127.0.0.1 at 2009-03-25 00:36:16) [GET]

ActionController::RoutingError (No route matches "/board/admin.html" with {:method=>:get}):
  -e:1:in `load'
  -e:1

Rendering rescues/layout (not_found)
  [4;36;1mSQL (0.0ms)[0m   [0;1mSET NAMES 'utf8'[0m
  [4;35;1mSQL (0.0ms)[0m   [0mSET SQL_AUTO_IS_NULL=0[0m


Processing ApplicationController#index (for 127.0.0.1 at 2009-03-25 00:36:17) [GET]

ActionController::RoutingError (No route matches "/board/admin.html" with {:method=>:get}):
  -e:1:in `load'
  -e:1

Rendering rescues/layout (not_found)
  [4;36;1mSQL (0.0ms)[0m   [0;1mSET NAMES 'utf8'[0m
  [4;35;1mSQL (0.0ms)[0m   [0mSET SQL_AUTO_IS_NULL=0[0m


Processing BoardController#admin (for 127.0.0.1 at 2009-03-25 00:37:50) [GET]
Rendering board/admin
Completed in 16ms (View: 16, DB: 0) | 200 OK [http://localhost/board/admin]
  [4;36;1mSQL (0.0ms)[0m   [0;1mSET NAMES 'utf8'[0m
  [4;35;1mSQL (0.0ms)[0m   [0mSET SQL_AUTO_IS_NULL=0[0m


Processing BoardController#show (for 127.0.0.1 at 2009-03-25 00:37:53) [GET]
Rendering board/show
Completed in 94ms (View: 94, DB: 0) | 200 OK [http://localhost/board/show]
  [4;36;1mSQL (203.0ms)[0m   [0;1mSET NAMES 'utf8'[0m
  [4;35;1mSQL (47.0ms)[0m   [0mSET SQL_AUTO_IS_NULL=0[0m
  [4;36;1mSQL (62.0ms)[0m   [0;1mSHOW TABLES[0m
  [4;35;1mSQL (78.0ms)[0m   [0mSELECT version FROM schema_migrations[0m
  [4;36;1mSQL (0.0ms)[0m   [0;1mSET NAMES 'utf8'[0m
  [4;35;1mSQL (0.0ms)[0m   [0mSET SQL_AUTO_IS_NULL=0[0m
  [4;36;1mSQL (250.0ms)[0m   [0;1mDROP DATABASE IF EXISTS `file_manager_test`[0m
  [4;35;1mSQL (47.0ms)[0m   [0mCREATE DATABASE `file_manager_test` DEFAULT CHARACTER SET `utf8`[0m
  [4;36;1mSQL (0.0ms)[0m   [0;1mSET NAMES 'utf8'[0m
  [4;35;1mSQL (0.0ms)[0m   [0mSET SQL_AUTO_IS_NULL=0[0m
  [4;36;1mSQL (0.0ms)[0m   [0;1mSHOW TABLES[0m
  [4;35;1mSQL (32.0ms)[0m   [0mCREATE TABLE `board_posts` (`id` int(11) DEFAULT NULL auto_increment PRIMARY KEY, `created_at` datetime, `updated_at` datetime, `title` varchar(255), `body` text) ENGINE=InnoDB[0m
  [4;36;1mSQL (0.0ms)[0m   [0;1mSHOW TABLES[0m
  [4;35;1mSQL (15.0ms)[0m   [0mCREATE TABLE `file_managers` (`id` int(11) DEFAULT NULL auto_increment PRIMARY KEY, `param` varchar(100), `value` varchar(5000), `created_at` datetime, `updated_at` datetime) ENGINE=InnoDB[0m
  [4;36;1mSQL (0.0ms)[0m   [0;1mSHOW TABLES[0m
  [4;35;1mSQL (31.0ms)[0m   [0mCREATE TABLE `files` (`id` int(11) DEFAULT NULL auto_increment PRIMARY KEY, `path` varchar(5000), `created_at` datetime, `updated_at` datetime) ENGINE=InnoDB[0m
  [4;36;1mSQL (0.0ms)[0m   [0;1mSHOW TABLES[0m
  [4;35;1mSQL (0.0ms)[0m   [0mCREATE TABLE `settings` (`id` int(11) DEFAULT NULL auto_increment PRIMARY KEY, `var` varchar(255) DEFAULT '' NOT NULL, `value` text, `created_at` datetime, `updated_at` datetime) ENGINE=InnoDB[0m
  [4;36;1mSQL (0.0ms)[0m   [0;1mSHOW TABLES[0m
  [4;35;1mSQL (32.0ms)[0m   [0mCREATE TABLE `schema_migrations` (`version` varchar(255) NOT NULL) ENGINE=InnoDB[0m
  [4;36;1mSQL (31.0ms)[0m   [0;1mCREATE UNIQUE INDEX `unique_schema_migrations` ON `schema_migrations` (`version`)[0m
  [4;35;1mSQL (0.0ms)[0m   [0mSHOW TABLES[0m
  [4;36;1mSQL (0.0ms)[0m   [0;1mSELECT version FROM `schema_migrations`[0m
  [4;35;1mSQL (31.0ms)[0m   [0mINSERT INTO `schema_migrations` (version) VALUES ('20090119225352')[0m
  [4;36;1mSQL (0.0ms)[0m   [0;1mINSERT INTO `schema_migrations` (version) VALUES ('20090113192223')[0m
  [4;35;1mSQL (0.0ms)[0m   [0mINSERT INTO `schema_migrations` (version) VALUES ('20090116195618')[0m
  [4;36;1mSQL (0.0ms)[0m   [0;1mINSERT INTO `schema_migrations` (version) VALUES ('20090117115420')[0m
  [4;35;1mSQL (0.0ms)[0m   [0mINSERT INTO `schema_migrations` (version) VALUES ('20090118185600')[0m
  [4;36;1mSQL (0.0ms)[0m   [0;1mSET NAMES 'utf8'[0m
  [4;35;1mSQL (0.0ms)[0m   [0mSET SQL_AUTO_IS_NULL=0[0m


Processing BoardController#index (for 127.0.0.1 at 2009-06-13 01:25:22) [GET]

ActionController::UnknownAction (No action responded to index. Actions: admin, search, and show):
  haml (2.0.9) lib/sass/plugin/rails.rb:19:in `process'

Rendering rescues/layout (not_found)
  [4;36;1mSQL (0.0ms)[0m   [0;1mSET NAMES 'utf8'[0m
  [4;35;1mSQL (0.0ms)[0m   [0mSET SQL_AUTO_IS_NULL=0[0m


Processing BoardController#show (for 127.0.0.1 at 2009-06-13 01:25:28) [GET]
Rendering board/show
Completed in 15ms (View: 0, DB: 0) | 200 OK [http://localhost/board/show/]
  [4;36;1mSQL (0.0ms)[0m   [0;1mSET NAMES 'utf8'[0m
  [4;35;1mSQL (0.0ms)[0m   [0mSET SQL_AUTO_IS_NULL=0[0m


Processing BoardController#show (for 127.0.0.1 at 2009-06-13 01:26:43) [GET]
Rendering board/show
Completed in 16ms (View: 0, DB: 0) | 200 OK [http://localhost/board/show/]
  [4;36;1mSQL (0.0ms)[0m   [0;1mSET NAMES 'utf8'[0m
  [4;35;1mSQL (0.0ms)[0m   [0mSET SQL_AUTO_IS_NULL=0[0m


Processing BoardController#show (for 127.0.0.1 at 2009-06-13 01:26:46) [GET]
  Parameters: {"id"=>"23423"}
Rendering board/show
Completed in 0ms (View: 0, DB: 0) | 200 OK [http://localhost/board/show/23423]
  [4;36;1mSQL (0.0ms)[0m   [0;1mSET NAMES 'utf8'[0m
  [4;35;1mSQL (16.0ms)[0m   [0mSET SQL_AUTO_IS_NULL=0[0m


Processing BoardController#show (for 127.0.0.1 at 2009-06-13 01:56:20) [GET]
  Parameters: {"id"=>"23423"}
  [4;36;1mBoardPost Columns (63.0ms)[0m   [0;1mSHOW FIELDS FROM `board_posts`[0m
  [4;35;1mBoardPost Load (0.0ms)[0m   [0mSELECT * FROM `board_posts` WHERE (`board_posts`.`id` = 23423) [0m

ActiveRecord::RecordNotFound (Couldn't find BoardPost with ID=23423):
  app/controllers/board_controller.rb:9:in `show'
  haml (2.0.9) lib/sass/plugin/rails.rb:19:in `process'

Rendered rescues/_trace (282.0ms)
Rendered rescues/_request_and_response (0.0ms)
Rendering rescues/layout (not_found)
  [4;36;1mSQL (0.0ms)[0m   [0;1mSET NAMES 'utf8'[0m
  [4;35;1mSQL (0.0ms)[0m   [0mSET SQL_AUTO_IS_NULL=0[0m


Processing BoardController#show (for 127.0.0.1 at 2009-06-13 01:56:24) [GET]
  Parameters: {"id"=>"23423"}
  [4;36;1mBoardPost Columns (15.0ms)[0m   [0;1mSHOW FIELDS FROM `board_posts`[0m
  [4;35;1mBoardPost Load (16.0ms)[0m   [0mSELECT * FROM `board_posts` WHERE (`board_posts`.`id` = 23423) [0m

ActiveRecord::RecordNotFound (Couldn't find BoardPost with ID=23423):
  app/controllers/board_controller.rb:9:in `show'
  haml (2.0.9) lib/sass/plugin/rails.rb:19:in `process'

Rendered rescues/_trace (62.0ms)
Rendered rescues/_request_and_response (0.0ms)
Rendering rescues/layout (not_found)
  [4;36;1mSQL (0.0ms)[0m   [0;1mSET NAMES 'utf8'[0m
  [4;35;1mSQL (0.0ms)[0m   [0mSET SQL_AUTO_IS_NULL=0[0m


Processing BoardController#show (for 127.0.0.1 at 2009-06-13 02:01:33) [GET]
  Parameters: {"id"=>"23423"}
  [4;36;1mBoardPost Exists (0.0ms)[0m   [0;1mSELECT `board_posts`.id FROM `board_posts` WHERE (`board_posts`.`id` = '23423') LIMIT 1[0m
Rendering board/show
Completed in 109ms (View: 0, DB: 0) | 200 OK [http://localhost/board/show/23423]
  [4;35;1mSQL (0.0ms)[0m   [0mSET NAMES 'utf8'[0m
  [4;36;1mSQL (0.0ms)[0m   [0;1mSET SQL_AUTO_IS_NULL=0[0m


Processing BoardController#show (for 127.0.0.1 at 2009-06-13 02:02:23) [GET]
  Parameters: {"id"=>"23423"}
  [4;35;1mBoardPost Exists (0.0ms)[0m   [0mSELECT `board_posts`.id FROM `board_posts` WHERE (`board_posts`.`id` = '23423') LIMIT 1[0m
Rendering board/show
Completed in 328ms (View: 0, DB: 0) | 200 OK [http://localhost/board/show/23423]
  [4;36;1mSQL (16.0ms)[0m   [0;1mSET NAMES 'utf8'[0m
  [4;35;1mSQL (0.0ms)[0m   [0mSET SQL_AUTO_IS_NULL=0[0m


Processing BoardController#show (for 127.0.0.1 at 2009-06-13 02:02:25) [GET]
  Parameters: {"id"=>"23423"}
  [4;36;1mBoardPost Exists (0.0ms)[0m   [0;1mSELECT `board_posts`.id FROM `board_posts` WHERE (`board_posts`.`id` = '23423') LIMIT 1[0m
Rendering board/show
Completed in 62ms (View: 0, DB: 16) | 200 OK [http://localhost/board/show/23423]
  [4;35;1mSQL (0.0ms)[0m   [0mSET NAMES 'utf8'[0m
  [4;36;1mSQL (0.0ms)[0m   [0;1mSET SQL_AUTO_IS_NULL=0[0m


Processing BoardController#show (for 127.0.0.1 at 2009-06-13 02:02:52) [GET]
  Parameters: {"id"=>"23423"}
  [4;35;1mBoardPost Exists (0.0ms)[0m   [0mSELECT `board_posts`.id FROM `board_posts` WHERE (`board_posts`.`id` = '23423') LIMIT 1[0m
Rendering board/show
Completed in 62ms (View: 0, DB: 0) | 200 OK [http://localhost/board/show/23423]
  [4;36;1mSQL (0.0ms)[0m   [0;1mSET NAMES 'utf8'[0m
  [4;35;1mSQL (0.0ms)[0m   [0mSET SQL_AUTO_IS_NULL=0[0m


Processing BoardController#show (for 127.0.0.1 at 2009-06-13 02:03:33) [GET]
  Parameters: {"id"=>"23423"}
  [4;36;1mBoardPost Exists (0.0ms)[0m   [0;1mSELECT `board_posts`.id FROM `board_posts` WHERE (`board_posts`.`id` = '23423') LIMIT 1[0m
Rendering board/show
Completed in 94ms (View: 31, DB: 0) | 200 OK [http://localhost/board/show/23423]
  [4;35;1mSQL (0.0ms)[0m   [0mSET NAMES 'utf8'[0m
  [4;36;1mSQL (0.0ms)[0m   [0;1mSET SQL_AUTO_IS_NULL=0[0m


Processing BoardController#show (for 127.0.0.1 at 2009-06-13 02:03:47) [GET]
  Parameters: {"id"=>"23423"}
  [4;35;1mBoardPost Exists (0.0ms)[0m   [0mSELECT `board_posts`.id FROM `board_posts` WHERE (`board_posts`.`id` = '23423') LIMIT 1[0m
Rendering board/show
Completed in 63ms (View: 0, DB: 0) | 200 OK [http://localhost/board/show/23423]
  [4;36;1mSQL (0.0ms)[0m   [0;1mSET NAMES 'utf8'[0m
  [4;35;1mSQL (0.0ms)[0m   [0mSET SQL_AUTO_IS_NULL=0[0m


Processing BoardController#show (for 127.0.0.1 at 2009-06-13 02:03:48) [GET]
  Parameters: {"id"=>"23423"}
  [4;36;1mBoardPost Exists (0.0ms)[0m   [0;1mSELECT `board_posts`.id FROM `board_posts` WHERE (`board_posts`.`id` = '23423') LIMIT 1[0m
Rendering board/show
Completed in 62ms (View: 0, DB: 0) | 200 OK [http://localhost/board/show/23423]
  [4;35;1mSQL (0.0ms)[0m   [0mSET NAMES 'utf8'[0m
  [4;36;1mSQL (0.0ms)[0m   [0;1mSET SQL_AUTO_IS_NULL=0[0m


Processing BoardController#show (for 127.0.0.1 at 2009-06-13 02:06:44) [GET]
  Parameters: {"id"=>"23423"}
  [4;35;1mBoardPost Exists (0.0ms)[0m   [0mSELECT `board_posts`.id FROM `board_posts` WHERE (`board_posts`.`id` = '23423') LIMIT 1[0m
  [4;36;1mBoardPost Load (0.0ms)[0m   [0;1mSELECT * FROM `board_posts` LIMIT 1[0m
  [4;35;1mBoardPost Columns (0.0ms)[0m   [0mSHOW FIELDS FROM `board_posts`[0m
Rendering board/show
Completed in 78ms (View: 16, DB: 0) | 200 OK [http://localhost/board/show/23423]
  [4;36;1mSQL (0.0ms)[0m   [0;1mSET NAMES 'utf8'[0m
  [4;35;1mSQL (15.0ms)[0m   [0mSET SQL_AUTO_IS_NULL=0[0m


Processing BoardController#show (for 127.0.0.1 at 2009-06-13 02:06:51) [GET]
  Parameters: {"id"=>"5146587"}
  [4;36;1mBoardPost Exists (16.0ms)[0m   [0;1mSELECT `board_posts`.id FROM `board_posts` WHERE (`board_posts`.`id` = '5146587') LIMIT 1[0m
  [4;35;1mBoardPost Columns (0.0ms)[0m   [0mSHOW FIELDS FROM `board_posts`[0m
  [4;36;1mBoardPost Load (0.0ms)[0m   [0;1mSELECT * FROM `board_posts` WHERE (`board_posts`.`id` = 5146587) [0m
Rendering board/show
Completed in 63ms (View: 0, DB: 31) | 200 OK [http://localhost/board/show/5146587]
  [4;35;1mSQL (0.0ms)[0m   [0mSET NAMES 'utf8'[0m
  [4;36;1mSQL (0.0ms)[0m   [0;1mSET SQL_AUTO_IS_NULL=0[0m


Processing BoardController#show (for 127.0.0.1 at 2009-06-13 02:07:04) [GET]
  Parameters: {"id"=>"5146587"}
  [4;35;1mBoardPost Exists (0.0ms)[0m   [0mSELECT `board_posts`.id FROM `board_posts` WHERE (`board_posts`.`id` = '5146587') LIMIT 1[0m
  [4;36;1mBoardPost Columns (16.0ms)[0m   [0;1mSHOW FIELDS FROM `board_posts`[0m
  [4;35;1mBoardPost Load (0.0ms)[0m   [0mSELECT * FROM `board_posts` WHERE (`board_posts`.`id` = 5146587) [0m
Rendering board/show
Completed in 93ms (View: 0, DB: 16) | 200 OK [http://localhost/board/show/5146587]
  [4;36;1mSQL (0.0ms)[0m   [0;1mSET NAMES 'utf8'[0m
  [4;35;1mSQL (0.0ms)[0m   [0mSET SQL_AUTO_IS_NULL=0[0m


Processing ApplicationController#index (for 127.0.0.1 at 2009-06-13 02:07:04) [GET]

ActionController::RoutingError (No route matches "/board/show/pic/smile.gif" with {:method=>:get}):
  

Rendering rescues/layout (not_found)
  [4;36;1mSQL (16.0ms)[0m   [0;1mSET NAMES 'utf8'[0m
  [4;35;1mSQL (0.0ms)[0m   [0mSET SQL_AUTO_IS_NULL=0[0m


Processing BoardController#show (for 77.91.193.63 at 2009-06-13 09:02:19) [GET]
  Parameters: {"id"=>"5146587"}
  [4;36;1mBoardPost Exists (47.0ms)[0m   [0;1mSELECT `board_posts`.id FROM `board_posts` WHERE (`board_posts`.`id` = '5146587') LIMIT 1[0m
  [4;35;1mBoardPost Columns (0.0ms)[0m   [0mSHOW FIELDS FROM `board_posts`[0m
  [4;36;1mBoardPost Load (16.0ms)[0m   [0;1mSELECT * FROM `board_posts` WHERE (`board_posts`.`id` = 5146587) [0m
Rendering board/show
Completed in 5719ms (View: 281, DB: 79) | 200 OK [http://81.200.2.31/board/show/5146587]
  [4;35;1mSQL (0.0ms)[0m   [0mSET NAMES 'utf8'[0m
  [4;36;1mSQL (0.0ms)[0m   [0;1mSET SQL_AUTO_IS_NULL=0[0m


Processing ApplicationController#index (for 77.91.193.63 at 2009-06-13 09:02:25) [GET]

ActionController::RoutingError (No route matches "/board/show/pic/smile.gif" with {:method=>:get}):
  

Rendering rescues/layout (not_found)
  [4;35;1mSQL (0.0ms)[0m   [0mSET NAMES 'utf8'[0m
  [4;36;1mSQL (0.0ms)[0m   [0;1mSET SQL_AUTO_IS_NULL=0[0m


Processing BoardController#show (for 77.91.193.63 at 2009-06-13 11:07:11) [GET]
  Parameters: {"id"=>"5146587"}
  [4;35;1mBoardPost Exists (0.0ms)[0m   [0mSELECT `board_posts`.id FROM `board_posts` WHERE (`board_posts`.`id` = '5146587') LIMIT 1[0m
  [4;36;1mBoardPost Columns (16.0ms)[0m   [0;1mSHOW FIELDS FROM `board_posts`[0m
  [4;35;1mBoardPost Load (0.0ms)[0m   [0mSELECT * FROM `board_posts` WHERE (`board_posts`.`id` = 5146587) [0m
Rendering board/show
Completed in 78ms (View: 0, DB: 16) | 200 OK [http://81.200.2.31/board/show/5146587]
  [4;36;1mSQL (0.0ms)[0m   [0;1mSET NAMES 'utf8'[0m
  [4;35;1mSQL (0.0ms)[0m   [0mSET SQL_AUTO_IS_NULL=0[0m


Processing ApplicationController#index (for 77.91.193.63 at 2009-06-13 11:07:11) [GET]

ActionController::RoutingError (No route matches "/board/show/pic/smile.gif" with {:method=>:get}):
  

Rendering rescues/layout (not_found)
  [4;36;1mSQL (0.0ms)[0m   [0;1mSET NAMES 'utf8'[0m
  [4;35;1mSQL (0.0ms)[0m   [0mSET SQL_AUTO_IS_NULL=0[0m


Processing BoardController#show (for 77.91.193.63 at 2009-06-13 11:07:19) [GET]
  Parameters: {"id"=>"5146587"}
  [4;36;1mBoardPost Exists (0.0ms)[0m   [0;1mSELECT `board_posts`.id FROM `board_posts` WHERE (`board_posts`.`id` = '5146587') LIMIT 1[0m
  [4;35;1mBoardPost Columns (15.0ms)[0m   [0mSHOW FIELDS FROM `board_posts`[0m
  [4;36;1mBoardPost Load (0.0ms)[0m   [0;1mSELECT * FROM `board_posts` WHERE (`board_posts`.`id` = 5146587) [0m
Rendering board/show
Completed in 78ms (View: 0, DB: 15) | 200 OK [http://81.200.2.31/board/show/5146587]
  [4;35;1mSQL (16.0ms)[0m   [0mSET NAMES 'utf8'[0m
  [4;36;1mSQL (0.0ms)[0m   [0;1mSET SQL_AUTO_IS_NULL=0[0m


Processing ApplicationController#index (for 77.91.193.63 at 2009-06-13 11:07:20) [GET]

ActionController::RoutingError (No route matches "/board/show/pic/smile.gif" with {:method=>:get}):
  

Rendering rescues/layout (not_found)
  [4;35;1mSQL (0.0ms)[0m   [0mSET NAMES 'utf8'[0m
  [4;36;1mSQL (0.0ms)[0m   [0;1mSET SQL_AUTO_IS_NULL=0[0m


Processing BoardController#show (for 77.91.193.63 at 2009-06-13 17:05:01) [GET]
  Parameters: {"id"=>"5146587"}
  [4;35;1mBoardPost Exists (31.0ms)[0m   [0mSELECT `board_posts`.id FROM `board_posts` WHERE (`board_posts`.`id` = '5146587') LIMIT 1[0m
  [4;36;1mBoardPost Columns (0.0ms)[0m   [0;1mSHOW FIELDS FROM `board_posts`[0m
  [4;35;1mBoardPost Load (0.0ms)[0m   [0mSELECT * FROM `board_posts` WHERE (`board_posts`.`id` = 5146587) [0m
Rendering board/show
Completed in 297ms (View: 0, DB: 31) | 200 OK [http://81.200.2.31/board/show/5146587]
  [4;36;1mSQL (0.0ms)[0m   [0;1mSET NAMES 'utf8'[0m
  [4;35;1mSQL (0.0ms)[0m   [0mSET SQL_AUTO_IS_NULL=0[0m


Processing ApplicationController#index (for 77.91.193.63 at 2009-06-13 17:05:02) [GET]

ActionController::RoutingError (No route matches "/board/show/pic/smile.gif" with {:method=>:get}):
  

Rendering rescues/layout (not_found)
  [4;36;1mSQL (0.0ms)[0m   [0;1mSET NAMES 'utf8'[0m
  [4;35;1mSQL (0.0ms)[0m   [0mSET SQL_AUTO_IS_NULL=0[0m


Processing BoardController#show (for 77.91.193.63 at 2009-06-13 17:05:03) [GET]
  Parameters: {"id"=>"5146587"}
  [4;36;1mBoardPost Exists (0.0ms)[0m   [0;1mSELECT `board_posts`.id FROM `board_posts` WHERE (`board_posts`.`id` = '5146587') LIMIT 1[0m
  [4;35;1mBoardPost Columns (0.0ms)[0m   [0mSHOW FIELDS FROM `board_posts`[0m
  [4;36;1mBoardPost Load (0.0ms)[0m   [0;1mSELECT * FROM `board_posts` WHERE (`board_posts`.`id` = 5146587) [0m
Rendering board/show
Completed in 78ms (View: 0, DB: 0) | 200 OK [http://81.200.2.31/board/show/5146587]
  [4;35;1mSQL (0.0ms)[0m   [0mSET NAMES 'utf8'[0m
  [4;36;1mSQL (0.0ms)[0m   [0;1mSET SQL_AUTO_IS_NULL=0[0m


Processing ApplicationController#index (for 77.91.193.63 at 2009-06-13 17:05:03) [GET]

ActionController::RoutingError (No route matches "/board/show/pic/smile.gif" with {:method=>:get}):
  

Rendering rescues/layout (not_found)
  [4;36;1mSQL (0.0ms)[0m   [0;1mSET NAMES 'utf8'[0m
  [4;35;1mSQL (0.0ms)[0m   [0mSET SQL_AUTO_IS_NULL=0[0m


Processing BoardController#show (for 127.0.0.1 at 2009-06-14 00:33:38) [GET]
  Parameters: {"id"=>"23423"}
  [4;36;1mBoardPost Exists (0.0ms)[0m   [0;1mSELECT `board_posts`.id FROM `board_posts` WHERE (`board_posts`.`id` = '23423') LIMIT 1[0m
  [4;35;1mBoardPost Load (0.0ms)[0m   [0mSELECT * FROM `board_posts` LIMIT 1[0m
  [4;36;1mBoardPost Columns (0.0ms)[0m   [0;1mSHOW FIELDS FROM `board_posts`[0m
Rendering board/show
Completed in 5406ms (View: 16, DB: 0) | 200 OK [http://localhost/board/show/23423]
  [4;35;1mSQL (0.0ms)[0m   [0mSET NAMES 'utf8'[0m
  [4;36;1mSQL (0.0ms)[0m   [0;1mSET SQL_AUTO_IS_NULL=0[0m


Processing BoardController#show (for 127.0.0.1 at 2009-06-15 01:09:46) [GET]
  Parameters: {"id"=>"23423"}
  [4;35;1mBoardPost Exists (62.0ms)[0m   [0mSELECT `board_posts`.id FROM `board_posts` WHERE (`board_posts`.`id` = '23423') LIMIT 1[0m
  [4;36;1mBoardPost Load (0.0ms)[0m   [0;1mSELECT * FROM `board_posts` LIMIT 1[0m
  [4;35;1mBoardPost Columns (94.0ms)[0m   [0mSHOW FIELDS FROM `board_posts`[0m
Rendering board/show
Completed in 1265ms (View: 31, DB: 156) | 200 OK [http://localhost/board/show/23423]
  [4;36;1mSQL (0.0ms)[0m   [0;1mSET NAMES 'utf8'[0m
  [4;35;1mSQL (0.0ms)[0m   [0mSET SQL_AUTO_IS_NULL=0[0m


Processing BoardController#index (for 127.0.0.1 at 2009-06-17 22:57:06) [GET]

ActionController::UnknownAction (No action responded to index. Actions: admin, search, and show):
  haml (2.0.9) lib/sass/plugin/rails.rb:19:in `process'
  -e:1:in `load'
  -e:1

Rendering rescues/layout (not_found)
  [4;36;1mSQL (0.0ms)[0m   [0;1mSET NAMES 'utf8'[0m
  [4;35;1mSQL (0.0ms)[0m   [0mSET SQL_AUTO_IS_NULL=0[0m


Processing BoardController#show (for 127.0.0.1 at 2009-06-17 22:57:10) [GET]
  [4;36;1mBoardPost Exists (47.0ms)[0m   [0;1mSELECT `board_posts`.id FROM `board_posts` WHERE (`board_posts`.`id` IS NULL) LIMIT 1[0m
  [4;35;1mBoardPost Load (0.0ms)[0m   [0mSELECT * FROM `board_posts` LIMIT 1[0m
  [4;36;1mBoardPost Columns (16.0ms)[0m   [0;1mSHOW FIELDS FROM `board_posts`[0m
Rendering board/show
Completed in 4454ms (View: 16, DB: 63) | 200 OK [http://localhost/board/show]
  [4;35;1mSQL (0.0ms)[0m   [0mSET NAMES 'utf8'[0m
  [4;36;1mSQL (0.0ms)[0m   [0;1mSET SQL_AUTO_IS_NULL=0[0m


Processing BoardController#show (for 127.0.0.1 at 2009-06-17 22:59:41) [GET]
  Parameters: {"id"=>"5146587"}
  [4;35;1mBoardPost Exists (0.0ms)[0m   [0mSELECT `board_posts`.id FROM `board_posts` WHERE (`board_posts`.`id` = '5146587') LIMIT 1[0m
  [4;36;1mBoardPost Columns (0.0ms)[0m   [0;1mSHOW FIELDS FROM `board_posts`[0m
  [4;35;1mBoardPost Load (0.0ms)[0m   [0mSELECT * FROM `board_posts` WHERE (`board_posts`.`id` = 5146587) [0m
Rendering board/show
Completed in 203ms (View: 16, DB: 0) | 200 OK [http://localhost/board/show/5146587]
  [4;36;1mSQL (0.0ms)[0m   [0;1mSET NAMES 'utf8'[0m
  [4;35;1mSQL (0.0ms)[0m   [0mSET SQL_AUTO_IS_NULL=0[0m


Processing ApplicationController#index (for 127.0.0.1 at 2009-06-17 22:59:41) [GET]

ActionController::RoutingError (No route matches "/board/show/pic/smile.gif" with {:method=>:get}):
  -e:1:in `load'
  -e:1

Rendering rescues/layout (not_found)
  [4;36;1mSQL (0.0ms)[0m   [0;1mSET NAMES 'utf8'[0m
  [4;35;1mSQL (0.0ms)[0m   [0mSET SQL_AUTO_IS_NULL=0[0m


Processing BoardController#show (for 127.0.0.1 at 2009-06-17 23:02:52) [GET]
  Parameters: {"id"=>"23423"}
  [4;36;1mBoardPost Exists (0.0ms)[0m   [0;1mSELECT `board_posts`.id FROM `board_posts` WHERE (`board_posts`.`id` = '23423') LIMIT 1[0m
  [4;35;1mBoardPost Load (0.0ms)[0m   [0mSELECT * FROM `board_posts` LIMIT 1[0m
  [4;36;1mBoardPost Columns (15.0ms)[0m   [0;1mSHOW FIELDS FROM `board_posts`[0m
Rendering board/show
Completed in 578ms (View: 0, DB: 15) | 200 OK [http://localhost/board/show/23423]
